{"uuid":"16d500ee-fcbe-4dd4-a0ee-3a52142cf9db","historyId":"b217770ab1b162fe3d5c18083dbbfed2","fullName":"tests.SmallLoanCalculatorTest.checkThatAgreementFeeChanges","labels":[{"name":"package","value":"tests.SmallLoanCalculatorTest"},{"name":"testClass","value":"tests.SmallLoanCalculatorTest"},{"name":"testMethod","value":"checkThatAgreementFeeChanges"},{"name":"parentSuite","value":"GUI"},{"name":"suite","value":"Swedbank"},{"name":"subSuite","value":"tests.SmallLoanCalculatorTest"},{"name":"host","value":"WIN-FNF9AQIK9ER"},{"name":"thread","value":"15072@WIN-FNF9AQIK9ER.TestNG-test=Swedbank-4(20)"},{"name":"framework","value":"testng"},{"name":"language","value":"java"},{"name":"feature","value":"Small Loan Calculator"},{"name":"story","value":"Check new features for small loan calculator"}],"links":[],"name":"Test-case #6: Check that “Agreement fee” changes correctly","status":"failed","statusDetails":{"known":false,"muted":false,"flaky":false,"message":"expected [true] but found [false]","trace":"java.lang.AssertionError: expected [true] but found [false]\r\n\tat org.testng.Assert.fail(Assert.java:99)\r\n\tat org.testng.Assert.failNotEquals(Assert.java:1037)\r\n\tat org.testng.Assert.assertTrue(Assert.java:45)\r\n\tat org.testng.Assert.assertTrue(Assert.java:55)\r\n\tat steps.SmallLoanCalculatorSteps.checkAgreementFeeAfterAction(SmallLoanCalculatorSteps.java:83)\r\n\tat tests.SmallLoanCalculatorTest.checkThatAgreementFeeChanges(SmallLoanCalculatorTest.java:72)\r\n\tat sun.reflect.NativeMethodAccessorImpl.invoke0(Native Method)\r\n\tat sun.reflect.NativeMethodAccessorImpl.invoke(NativeMethodAccessorImpl.java:62)\r\n\tat sun.reflect.DelegatingMethodAccessorImpl.invoke(DelegatingMethodAccessorImpl.java:43)\r\n\tat java.lang.reflect.Method.invoke(Method.java:498)\r\n\tat org.testng.internal.MethodInvocationHelper.invokeMethod(MethodInvocationHelper.java:133)\r\n\tat org.testng.internal.TestInvoker.invokeMethod(TestInvoker.java:598)\r\n\tat org.testng.internal.TestInvoker.retryFailed(TestInvoker.java:213)\r\n\tat org.testng.internal.MethodRunner.runInSequence(MethodRunner.java:58)\r\n\tat org.testng.internal.TestInvoker$MethodInvocationAgent.invoke(TestInvoker.java:824)\r\n\tat org.testng.internal.TestInvoker.invokeTestMethods(TestInvoker.java:146)\r\n\tat org.testng.internal.TestMethodWorker.invokeTestMethods(TestMethodWorker.java:146)\r\n\tat org.testng.internal.TestMethodWorker.run(TestMethodWorker.java:128)\r\n\tat java.util.concurrent.ThreadPoolExecutor.runWorker(ThreadPoolExecutor.java:1149)\r\n\tat java.util.concurrent.ThreadPoolExecutor$Worker.run(ThreadPoolExecutor.java:624)\r\n\tat java.lang.Thread.run(Thread.java:748)\r\n"},"stage":"finished","steps":[{"name":"Get agreement fee value","status":"passed","stage":"finished","steps":[],"attachments":[],"parameters":[],"start":1655727506558,"stop":1655727506583},{"name":"Type sum into 'Choose loan sum' field","status":"passed","stage":"finished","steps":[],"attachments":[],"parameters":[{"name":"sum","value":"11516"}],"start":1655727506583,"stop":1655727507028},{"name":"Get agreement fee value","status":"passed","stage":"finished","steps":[],"attachments":[],"parameters":[],"start":1655727507028,"stop":1655727507043},{"name":"Check that agreement fee has been changed","status":"failed","statusDetails":{"known":false,"muted":false,"flaky":false,"message":"expected [true] but found [false]","trace":"java.lang.AssertionError: expected [true] but found [false]\r\n\tat org.testng.Assert.fail(Assert.java:99)\r\n\tat org.testng.Assert.failNotEquals(Assert.java:1037)\r\n\tat org.testng.Assert.assertTrue(Assert.java:45)\r\n\tat org.testng.Assert.assertTrue(Assert.java:55)\r\n\tat steps.SmallLoanCalculatorSteps.checkAgreementFeeAfterAction(SmallLoanCalculatorSteps.java:83)\r\n\tat tests.SmallLoanCalculatorTest.checkThatAgreementFeeChanges(SmallLoanCalculatorTest.java:72)\r\n\tat sun.reflect.NativeMethodAccessorImpl.invoke0(Native Method)\r\n\tat sun.reflect.NativeMethodAccessorImpl.invoke(NativeMethodAccessorImpl.java:62)\r\n\tat sun.reflect.DelegatingMethodAccessorImpl.invoke(DelegatingMethodAccessorImpl.java:43)\r\n\tat java.lang.reflect.Method.invoke(Method.java:498)\r\n\tat org.testng.internal.MethodInvocationHelper.invokeMethod(MethodInvocationHelper.java:133)\r\n\tat org.testng.internal.TestInvoker.invokeMethod(TestInvoker.java:598)\r\n\tat org.testng.internal.TestInvoker.retryFailed(TestInvoker.java:213)\r\n\tat org.testng.internal.MethodRunner.runInSequence(MethodRunner.java:58)\r\n\tat org.testng.internal.TestInvoker$MethodInvocationAgent.invoke(TestInvoker.java:824)\r\n\tat org.testng.internal.TestInvoker.invokeTestMethods(TestInvoker.java:146)\r\n\tat org.testng.internal.TestMethodWorker.invokeTestMethods(TestMethodWorker.java:146)\r\n\tat org.testng.internal.TestMethodWorker.run(TestMethodWorker.java:128)\r\n\tat java.util.concurrent.ThreadPoolExecutor.runWorker(ThreadPoolExecutor.java:1149)\r\n\tat java.util.concurrent.ThreadPoolExecutor$Worker.run(ThreadPoolExecutor.java:624)\r\n\tat java.lang.Thread.run(Thread.java:748)\r\n"},"stage":"finished","steps":[],"attachments":[],"parameters":[{"name":"agreementFeeBeforeAction","value":"35"},{"name":"agreementFeeAfterAction","value":"173"}],"start":1655727507043,"stop":1655727507044}],"attachments":[],"parameters":[],"start":1655727506558,"stop":1655727507044}