{"uuid":"92f3a8a3-6d62-47a1-bd2a-28c9b42429a8","historyId":"e68fa393b3fc83f0994c55f7a9e9ad10","fullName":"tests.SmallLoanCalculatorTest.checkSumOverSliderAfterMove","labels":[{"name":"package","value":"tests.SmallLoanCalculatorTest"},{"name":"testClass","value":"tests.SmallLoanCalculatorTest"},{"name":"testMethod","value":"checkSumOverSliderAfterMove"},{"name":"parentSuite","value":"GUI"},{"name":"suite","value":"Swedbank"},{"name":"subSuite","value":"tests.SmallLoanCalculatorTest"},{"name":"host","value":"WIN-FNF9AQIK9ER"},{"name":"thread","value":"15072@WIN-FNF9AQIK9ER.TestNG-test=Swedbank-3(19)"},{"name":"framework","value":"testng"},{"name":"language","value":"java"},{"name":"feature","value":"Small Loan Calculator"},{"name":"story","value":"Check new features for small loan calculator"}],"links":[],"name":"Test-case #7: Check that slider moves when you change loan sum manually","status":"failed","statusDetails":{"known":false,"muted":false,"flaky":false,"message":"expected [16893] but found [16900]","trace":"java.lang.AssertionError: expected [16893] but found [16900]\r\n\tat org.testng.Assert.fail(Assert.java:99)\r\n\tat org.testng.Assert.failNotEquals(Assert.java:1037)\r\n\tat org.testng.Assert.assertEqualsImpl(Assert.java:140)\r\n\tat org.testng.Assert.assertEquals(Assert.java:122)\r\n\tat org.testng.Assert.assertEquals(Assert.java:617)\r\n\tat steps.SmallLoanCalculatorSteps.checkValuesOverSlider(SmallLoanCalculatorSteps.java:88)\r\n\tat tests.SmallLoanCalculatorTest.checkSumOverSliderAfterMove(SmallLoanCalculatorTest.java:84)\r\n\tat sun.reflect.NativeMethodAccessorImpl.invoke0(Native Method)\r\n\tat sun.reflect.NativeMethodAccessorImpl.invoke(NativeMethodAccessorImpl.java:62)\r\n\tat sun.reflect.DelegatingMethodAccessorImpl.invoke(DelegatingMethodAccessorImpl.java:43)\r\n\tat java.lang.reflect.Method.invoke(Method.java:498)\r\n\tat org.testng.internal.MethodInvocationHelper.invokeMethod(MethodInvocationHelper.java:133)\r\n\tat org.testng.internal.TestInvoker.invokeMethod(TestInvoker.java:598)\r\n\tat org.testng.internal.TestInvoker.retryFailed(TestInvoker.java:213)\r\n\tat org.testng.internal.MethodRunner.runInSequence(MethodRunner.java:58)\r\n\tat org.testng.internal.TestInvoker$MethodInvocationAgent.invoke(TestInvoker.java:824)\r\n\tat org.testng.internal.TestInvoker.invokeTestMethods(TestInvoker.java:146)\r\n\tat org.testng.internal.TestMethodWorker.invokeTestMethods(TestMethodWorker.java:146)\r\n\tat org.testng.internal.TestMethodWorker.run(TestMethodWorker.java:128)\r\n\tat java.util.concurrent.ThreadPoolExecutor.runWorker(ThreadPoolExecutor.java:1149)\r\n\tat java.util.concurrent.ThreadPoolExecutor$Worker.run(ThreadPoolExecutor.java:624)\r\n\tat java.lang.Thread.run(Thread.java:748)\r\n"},"stage":"finished","steps":[{"name":"Get sum over slider","status":"passed","stage":"finished","steps":[],"attachments":[],"parameters":[],"start":1655727504986,"stop":1655727505014},{"name":"Type sum into 'Choose loan sum' field","status":"passed","stage":"finished","steps":[],"attachments":[],"parameters":[{"name":"sum","value":"16893"}],"start":1655727505014,"stop":1655727505265},{"name":"Get sum over slider","status":"passed","stage":"finished","steps":[],"attachments":[],"parameters":[],"start":1655727505265,"stop":1655727505280},{"name":"Compare values over slider action","status":"failed","statusDetails":{"known":false,"muted":false,"flaky":false,"message":"expected [16893] but found [16900]","trace":"java.lang.AssertionError: expected [16893] but found [16900]\r\n\tat org.testng.Assert.fail(Assert.java:99)\r\n\tat org.testng.Assert.failNotEquals(Assert.java:1037)\r\n\tat org.testng.Assert.assertEqualsImpl(Assert.java:140)\r\n\tat org.testng.Assert.assertEquals(Assert.java:122)\r\n\tat org.testng.Assert.assertEquals(Assert.java:617)\r\n\tat steps.SmallLoanCalculatorSteps.checkValuesOverSlider(SmallLoanCalculatorSteps.java:88)\r\n\tat tests.SmallLoanCalculatorTest.checkSumOverSliderAfterMove(SmallLoanCalculatorTest.java:84)\r\n\tat sun.reflect.NativeMethodAccessorImpl.invoke0(Native Method)\r\n\tat sun.reflect.NativeMethodAccessorImpl.invoke(NativeMethodAccessorImpl.java:62)\r\n\tat sun.reflect.DelegatingMethodAccessorImpl.invoke(DelegatingMethodAccessorImpl.java:43)\r\n\tat java.lang.reflect.Method.invoke(Method.java:498)\r\n\tat org.testng.internal.MethodInvocationHelper.invokeMethod(MethodInvocationHelper.java:133)\r\n\tat org.testng.internal.TestInvoker.invokeMethod(TestInvoker.java:598)\r\n\tat org.testng.internal.TestInvoker.retryFailed(TestInvoker.java:213)\r\n\tat org.testng.internal.MethodRunner.runInSequence(MethodRunner.java:58)\r\n\tat org.testng.internal.TestInvoker$MethodInvocationAgent.invoke(TestInvoker.java:824)\r\n\tat org.testng.internal.TestInvoker.invokeTestMethods(TestInvoker.java:146)\r\n\tat org.testng.internal.TestMethodWorker.invokeTestMethods(TestMethodWorker.java:146)\r\n\tat org.testng.internal.TestMethodWorker.run(TestMethodWorker.java:128)\r\n\tat java.util.concurrent.ThreadPoolExecutor.runWorker(ThreadPoolExecutor.java:1149)\r\n\tat java.util.concurrent.ThreadPoolExecutor$Worker.run(ThreadPoolExecutor.java:624)\r\n\tat java.lang.Thread.run(Thread.java:748)\r\n"},"stage":"finished","steps":[],"attachments":[],"parameters":[{"name":"sliderSumBeforeAction","value":"1000"},{"name":"sliderSumAfterAction","value":"16900"},{"name":"sum","value":"16893"}],"start":1655727505280,"stop":1655727505280}],"attachments":[],"parameters":[],"start":1655727504986,"stop":1655727505280}